PS C:\Users\eduar\Documents\luenguaje\proyecto final> python main.py

================================================================================
                 SISTEMA DE OPTIMIZACION DE HORARIOS ACADEMICOS
                           Algoritmo Genetico Hibrido
================================================================================

Datos del problema:
- 5 materias
- 3 profesores
- 3 aulas
- 5 dias x 6 bloques = 30 slots totales
- 17 bloques de clase necesarios

================================================================================
GENERANDO HORARIO INICIAL (con conflictos)...
================================================================================

================================================================================
                        HORARIO INICIAL (CON CONFLICTOS)
================================================================================
Fitness: 355


Aula A:
--------------------------------------------------------------------------------
Bloque         Lunes        Martes       Miercoles    Jueves       Viernes
--------------------------------------------------------------------------------
8:00-9:30      Algoritmos   ---          Redes        ---          ---
9:30-11:00     ---          ---          Algoritmos   ---          ---
11:00-12:30    ---          ---          ---          ---          ---
12:30-14:00    ---          ---          ---          ---          ---
14:00-15:30    Bases de D   ---          ---          ---          ---
15:30-17:00    ---          ---          ---          ---          ---

Aula B:
--------------------------------------------------------------------------------
Bloque         Lunes        Martes       Miercoles    Jueves       Viernes
--------------------------------------------------------------------------------
8:00-9:30      ---          Programaci   ---          ---          ---
9:30-11:00     ---          ---          ---          ---          ---
11:00-12:30    Programaci   ---          ---          ---          ---
12:30-14:00    ---          ---          ---          ---          ---
14:00-15:30    ---          ---          ---          Algoritmos(!)Bases de D
15:30-17:00    ---          ---          ---          ---          ---

Aula C:
--------------------------------------------------------------------------------
Bloque         Lunes        Martes       Miercoles    Jueves       Viernes
--------------------------------------------------------------------------------
8:00-9:30      ---          Redes        ---          ---          ---
9:30-11:00     ---          ---          ---          Programaci   ---
11:00-12:30    ---          ---          ---          Inteligenc   Redes(!)
12:30-14:00    ---          ---          Inteligenc   ---          ---
14:00-15:30    ---          Algoritmos   ---          ---          ---
15:30-17:00    ---          Bases de D   ---          ---          ---

--------------------------------------------------------------------------------
ANALISIS DE CONFLICTOS:
--------------------------------------------------------------------------------
Conflictos de aulas: 2
Conflictos de profesores: 1
Violaciones de preferencias: 11
================================================================================


================================================================================
EJECUTANDO ALGORITMO GENETICO...
================================================================================

Gen 0 | Mejor fitness: 45

Solucion encontrada en generacion 6

================================================================================
                         HORARIO OPTIMIZADO (SOLUCION)
================================================================================
Fitness: 0


Aula A:
--------------------------------------------------------------------------------
Bloque         Lunes        Martes       Miercoles    Jueves       Viernes
--------------------------------------------------------------------------------
8:00-9:30      ---          ---          ---          ---          ---
9:30-11:00     ---          Programaci   ---          ---          Redes
11:00-12:30    ---          ---          ---          ---          ---
12:30-14:00    ---          ---          ---          ---          ---
14:00-15:30    ---          ---          ---          ---          ---
15:30-17:00    ---          ---          ---          ---          ---

Aula B:
--------------------------------------------------------------------------------
Bloque         Lunes        Martes       Miercoles    Jueves       Viernes
--------------------------------------------------------------------------------
8:00-9:30      Inteligenc   ---          Algoritmos   Programaci   ---
9:30-11:00     ---          ---          ---          Bases de D   ---
11:00-12:30    Algoritmos   Bases de D   Algoritmos   ---          ---
12:30-14:00    ---          Programaci   Redes        ---          ---
14:00-15:30    ---          ---          ---          ---          Redes
15:30-17:00    ---          ---          ---          ---          ---

Aula C:
--------------------------------------------------------------------------------
Bloque         Lunes        Martes       Miercoles    Jueves       Viernes
--------------------------------------------------------------------------------
8:00-9:30      ---          ---          ---          ---          Inteligenc
9:30-11:00     Algoritmos   ---          Inteligenc   ---          ---
11:00-12:30    ---          ---          ---          Programaci   ---
12:30-14:00    ---          ---          ---          Bases de D   ---
14:00-15:30    ---          ---          ---          ---          ---
15:30-17:00    ---          ---          ---          ---          ---

--------------------------------------------------------------------------------
ANALISIS DE CONFLICTOS:
--------------------------------------------------------------------------------
Conflictos de aulas: 0
Conflictos de profesores: 0
Violaciones de preferencias: 0
================================================================================


Proceso completado!
================================================================================
PS C:\Users\eduar\Documents\luenguaje\proyecto final> 